<?xml version="1.0" encoding="UTF-8"?>
<testsuite name="com.jojoldu.book.springboot.web.IndexControllerTest" tests="1" skipped="0" failures="0" errors="0" timestamp="2021-04-10T00:50:56" hostname="Youngokui-MacBook-Pro.local" time="0.468">
  <properties/>
  <testcase name="메인페이지_로딩" classname="com.jojoldu.book.springboot.web.IndexControllerTest" time="0.468"/>
  <system-out><![CDATA[2021-04-10 09:50:46.145  INFO 15298 --- [    Test worker] .b.t.c.SpringBootTestContextBootstrapper : Neither @ContextConfiguration nor @ContextHierarchy found for test class [com.jojoldu.book.springboot.web.IndexControllerTest], using SpringBootContextLoader
2021-04-10 09:50:46.147  INFO 15298 --- [    Test worker] o.s.t.c.support.AbstractContextLoader    : Could not detect default resource locations for test class [com.jojoldu.book.springboot.web.IndexControllerTest]: no resource found for suffixes {-context.xml, Context.groovy}.
2021-04-10 09:50:46.147  INFO 15298 --- [    Test worker] t.c.s.AnnotationConfigContextLoaderUtils : Could not detect default configuration classes for test class [com.jojoldu.book.springboot.web.IndexControllerTest]: IndexControllerTest does not declare any static, non-private, non-final, nested classes annotated with @Configuration.
2021-04-10 09:50:46.152  INFO 15298 --- [    Test worker] .b.t.c.SpringBootTestContextBootstrapper : Found @SpringBootConfiguration com.jojoldu.book.springboot.Application for test class com.jojoldu.book.springboot.web.IndexControllerTest
2021-04-10 09:50:46.154  INFO 15298 --- [    Test worker] .b.t.c.SpringBootTestContextBootstrapper : Loaded default TestExecutionListener class names from location [META-INF/spring.factories]: [org.springframework.security.test.context.support.WithSecurityContextTestExecutionListener, org.springframework.security.test.context.support.ReactorContextTestExecutionListener, org.springframework.boot.test.autoconfigure.restdocs.RestDocsTestExecutionListener, org.springframework.boot.test.autoconfigure.web.client.MockRestServiceServerResetTestExecutionListener, org.springframework.boot.test.autoconfigure.web.servlet.MockMvcPrintOnlyOnFailureTestExecutionListener, org.springframework.boot.test.autoconfigure.web.servlet.WebDriverTestExecutionListener, org.springframework.boot.test.mock.mockito.MockitoTestExecutionListener, org.springframework.boot.test.mock.mockito.ResetMocksTestExecutionListener, org.springframework.test.context.web.ServletTestExecutionListener, org.springframework.test.context.support.DirtiesContextBeforeModesTestExecutionListener, org.springframework.test.context.support.DependencyInjectionTestExecutionListener, org.springframework.test.context.support.DirtiesContextTestExecutionListener, org.springframework.test.context.transaction.TransactionalTestExecutionListener, org.springframework.test.context.jdbc.SqlScriptsTestExecutionListener]
2021-04-10 09:50:46.156  INFO 15298 --- [    Test worker] .b.t.c.SpringBootTestContextBootstrapper : Using TestExecutionListeners: [org.springframework.test.context.web.ServletTestExecutionListener@4e6b5461, org.springframework.test.context.support.DirtiesContextBeforeModesTestExecutionListener@6d433988, org.springframework.boot.test.mock.mockito.MockitoTestExecutionListener@283574d8, org.springframework.boot.test.autoconfigure.SpringBootDependencyInjectionTestExecutionListener@24e5535, org.springframework.test.context.support.DirtiesContextTestExecutionListener@1612c141, org.springframework.test.context.transaction.TransactionalTestExecutionListener@62e92572, org.springframework.test.context.jdbc.SqlScriptsTestExecutionListener@61791e43, org.springframework.security.test.context.support.WithSecurityContextTestExecutionListener@11ee18a4, org.springframework.security.test.context.support.ReactorContextTestExecutionListener@11f6db11, org.springframework.boot.test.autoconfigure.restdocs.RestDocsTestExecutionListener@3a9fbee8, org.springframework.boot.test.autoconfigure.web.client.MockRestServiceServerResetTestExecutionListener@133d34fe, org.springframework.boot.test.autoconfigure.web.servlet.MockMvcPrintOnlyOnFailureTestExecutionListener@72f72505, org.springframework.boot.test.autoconfigure.web.servlet.WebDriverTestExecutionListener@55fe4619, org.springframework.boot.test.mock.mockito.ResetMocksTestExecutionListener@1251cab0]

  .   ____          _            __ _ _
 /\\ / ___'_ __ _ _(_)_ __  __ _ \ \ \ \
( ( )\___ | '_ | '_| | '_ \/ _` | \ \ \ \
 \\/  ___)| |_)| | | | | || (_| |  ) ) ) )
  '  |____| .__|_| |_|_| |_\__, | / / / /
 =========|_|==============|___/=/_/_/_/
 :: Spring Boot ::        (v2.1.9.RELEASE)

2021-04-10 09:50:46.217  INFO 15298 --- [    Test worker] c.j.b.s.web.IndexControllerTest          : Starting IndexControllerTest on Youngokui-MacBook-Pro.local with PID 15298 (started by youngok in /Users/youngok/IdeaProjects/MyFirstApp)
2021-04-10 09:50:46.218  INFO 15298 --- [    Test worker] c.j.b.s.web.IndexControllerTest          : No active profile set, falling back to default profiles: default
2021-04-10 09:50:47.122  INFO 15298 --- [    Test worker] .s.d.r.c.RepositoryConfigurationDelegate : Bootstrapping Spring Data repositories in DEFAULT mode.
2021-04-10 09:50:47.284  INFO 15298 --- [    Test worker] .s.d.r.c.RepositoryConfigurationDelegate : Finished Spring Data repository scanning in 138ms. Found 2 repository interfaces.
2021-04-10 09:50:47.962  INFO 15298 --- [    Test worker] trationDelegate$BeanPostProcessorChecker : Bean 'org.springframework.transaction.annotation.ProxyTransactionManagementConfiguration' of type [org.springframework.transaction.annotation.ProxyTransactionManagementConfiguration$$EnhancerBySpringCGLIB$$73791f8c] is not eligible for getting processed by all BeanPostProcessors (for example: not eligible for auto-proxying)
2021-04-10 09:50:48.783  INFO 15298 --- [    Test worker] o.s.b.w.embedded.tomcat.TomcatWebServer  : Tomcat initialized with port(s): 0 (http)
2021-04-10 09:50:48.844  INFO 15298 --- [    Test worker] o.apache.catalina.core.StandardService   : Starting service [Tomcat]
2021-04-10 09:50:48.845  INFO 15298 --- [    Test worker] org.apache.catalina.core.StandardEngine  : Starting Servlet engine: [Apache Tomcat/9.0.26]
2021-04-10 09:50:49.099  INFO 15298 --- [    Test worker] o.a.c.c.C.[Tomcat].[localhost].[/]       : Initializing Spring embedded WebApplicationContext
2021-04-10 09:50:49.099  INFO 15298 --- [    Test worker] o.s.web.context.ContextLoader            : Root WebApplicationContext: initialization completed in 2867 ms
2021-04-10 09:50:49.689  INFO 15298 --- [    Test worker] com.zaxxer.hikari.HikariDataSource       : HikariPool-1 - Starting...
2021-04-10 09:50:50.064  INFO 15298 --- [    Test worker] com.zaxxer.hikari.HikariDataSource       : HikariPool-1 - Start completed.
2021-04-10 09:50:50.221  INFO 15298 --- [    Test worker] o.hibernate.jpa.internal.util.LogHelper  : HHH000204: Processing PersistenceUnitInfo [
	name: default
	...]
2021-04-10 09:50:50.373  INFO 15298 --- [    Test worker] org.hibernate.Version                    : HHH000412: Hibernate Core {5.3.12.Final}
2021-04-10 09:50:50.376  INFO 15298 --- [    Test worker] org.hibernate.cfg.Environment            : HHH000206: hibernate.properties not found
2021-04-10 09:50:50.503  INFO 15298 --- [    Test worker] o.hibernate.annotations.common.Version   : HCANN000001: Hibernate Commons Annotations {5.0.4.Final}
2021-04-10 09:50:50.841  INFO 15298 --- [    Test worker] org.hibernate.dialect.Dialect            : HHH000400: Using dialect: org.hibernate.dialect.MySQL5InnoDBDialect
Hibernate: drop table if exists posts
Hibernate: drop table if exists user
Hibernate: create table posts (id bigint not null auto_increment, created_date datetime, modified_date datetime, author varchar(255), content TEXT not null, title varchar(500) not null, primary key (id)) engine=InnoDB
Hibernate: create table user (id bigint not null auto_increment, email varchar(255) not null, name varchar(255) not null, picture varchar(255), role varchar(255) not null, primary key (id)) engine=InnoDB
2021-04-10 09:50:52.638  INFO 15298 --- [    Test worker] o.h.t.schema.internal.SchemaCreatorImpl  : HHH000476: Executing import script 'org.hibernate.tool.schema.internal.exec.ScriptSourceInputNonExistentImpl@157b9f5f'
2021-04-10 09:50:52.644  INFO 15298 --- [    Test worker] j.LocalContainerEntityManagerFactoryBean : Initialized JPA EntityManagerFactory for persistence unit 'default'
2021-04-10 09:50:54.049  INFO 15298 --- [    Test worker] o.h.h.i.QueryTranslatorFactoryInitiator  : HHH000397: Using ASTQueryTranslatorFactory
2021-04-10 09:50:54.698  INFO 15298 --- [    Test worker] o.s.s.web.DefaultSecurityFilterChain     : Creating filter chain: any request, [org.springframework.security.web.context.request.async.WebAsyncManagerIntegrationFilter@6b55f461, org.springframework.security.web.context.SecurityContextPersistenceFilter@7a169129, org.springframework.security.web.header.HeaderWriterFilter@2b127f66, org.springframework.security.web.authentication.logout.LogoutFilter@2d6d958c, org.springframework.security.oauth2.client.web.OAuth2AuthorizationRequestRedirectFilter@40e53288, org.springframework.security.oauth2.client.web.OAuth2LoginAuthenticationFilter@42c8725d, org.springframework.security.web.authentication.ui.DefaultLoginPageGeneratingFilter@633cdf1b, org.springframework.security.web.authentication.ui.DefaultLogoutPageGeneratingFilter@6dea0e9c, org.springframework.security.web.savedrequest.RequestCacheAwareFilter@410a4c82, org.springframework.security.web.servletapi.SecurityContextHolderAwareRequestFilter@79dbf28a, org.springframework.security.web.authentication.AnonymousAuthenticationFilter@6cb1d3e6, org.springframework.security.web.session.SessionManagementFilter@94267e5, org.springframework.security.web.access.ExceptionTranslationFilter@670b959c, org.springframework.security.web.access.intercept.FilterSecurityInterceptor@4b242c67]
2021-04-10 09:50:55.211  INFO 15298 --- [    Test worker] o.s.s.concurrent.ThreadPoolTaskExecutor  : Initializing ExecutorService 'applicationTaskExecutor'
2021-04-10 09:50:55.289  WARN 15298 --- [    Test worker] aWebConfiguration$JpaWebMvcConfiguration : spring.jpa.open-in-view is enabled by default. Therefore, database queries may be performed during view rendering. Explicitly configure spring.jpa.open-in-view to disable this warning
2021-04-10 09:50:55.359  INFO 15298 --- [    Test worker] o.s.b.a.w.s.WelcomePageHandlerMapping    : Adding welcome page template: index
2021-04-10 09:50:56.128  INFO 15298 --- [    Test worker] s.a.ScheduledAnnotationBeanPostProcessor : No TaskScheduler/ScheduledExecutorService bean found for scheduled processing
2021-04-10 09:50:56.186  INFO 15298 --- [    Test worker] o.s.b.w.embedded.tomcat.TomcatWebServer  : Tomcat started on port(s): 53676 (http) with context path ''
2021-04-10 09:50:56.187  INFO 15298 --- [    Test worker] c.j.b.s.web.IndexControllerTest          : Started IndexControllerTest in 10.028 seconds (JVM running for 18.554)
2021-04-10 09:50:56.395  INFO 15298 --- [o-auto-1-exec-1] o.a.c.c.C.[Tomcat].[localhost].[/]       : Initializing Spring DispatcherServlet 'dispatcherServlet'
2021-04-10 09:50:56.395  INFO 15298 --- [o-auto-1-exec-1] o.s.web.servlet.DispatcherServlet        : Initializing Servlet 'dispatcherServlet'
2021-04-10 09:50:56.429  INFO 15298 --- [o-auto-1-exec-1] o.s.web.servlet.DispatcherServlet        : Completed initialization in 33 ms
Hibernate: select posts0_.id as id1_0_, posts0_.created_date as created_2_0_, posts0_.modified_date as modified3_0_, posts0_.author as author4_0_, posts0_.content as content5_0_, posts0_.title as title6_0_ from posts posts0_ order by posts0_.id DESC
]]></system-out>
  <system-err><![CDATA[]]></system-err>
</testsuite>
